2026-05-24 10:16:55 | INFO | P01 | === RUN START ===
2026-05-24 10:16:55 | INFO | P01 | project=P01
2026-05-24 10:16:55 | INFO | P01 | repo_dir=datafun-01-foundations
2026-05-24 10:16:55 | INFO | P01 | python=3.14.5
2026-05-24 10:16:56 | INFO | P01 | os=Windows 11
2026-05-24 10:16:56 | INFO | P01 | shell=powershell
2026-05-24 10:16:56 | INFO | P01 | cwd=.
2026-05-24 10:16:56 | INFO | P01 | github_actions=False
2026-05-24 10:16:56 | INFO | P01 | ========================
2026-05-24 10:16:56 | INFO | P01 | START main()
2026-05-24 10:16:56 | INFO | P01 | ========================
2026-05-24 10:16:56 | INFO | P01 | Generated formatted multi-line SUMMARY string.
2026-05-24 10:16:56 | INFO | P01 | Returning the str to the calling function.
2026-05-24 10:16:56 | INFO | P01 | 
    Course Information:
        Course name: Data Analytics Fundamentals
        Course number: 608
        Course hrs/wk: 20.00
        Assumes prior experience: False
        Uses Professional Python: True
        Helpful traits: ['patience', 'curiosity', 'humor', 'tenacity']
    
2026-05-24 10:16:56 | INFO | P01 | Generated formatted multi-line SUMMARY string.
2026-05-24 10:16:56 | INFO | P01 | Returning the str to the calling function.
2026-05-24 10:16:56 | INFO | P01 | 
    Descriptive Statistics for Snowfall (inches):
        Total snowfall: 22.50 inches
        Count of measurements: 5
        Minimum snowfall: 2.50 inches
        Maximum snowfall: 6.50 inches
        Average snowfall: 4.50 inches
        Standard deviation: 1.58 inches
    
2026-05-24 10:16:56 | INFO | P01 | ========================
2026-05-24 10:16:56 | INFO | P01 | Executed successfully!
2026-05-24 10:16:56 | INFO | P01 | ========================
2026-05-24 13:20:04 | INFO | P01 | === RUN START ===
2026-05-24 13:20:04 | INFO | P01 | project=P01
2026-05-24 13:20:04 | INFO | P01 | repo_dir=datafun-01-foundations
2026-05-24 13:20:04 | INFO | P01 | python=3.14.5
2026-05-24 13:20:04 | INFO | P01 | os=Windows 11
2026-05-24 13:20:04 | INFO | P01 | shell=powershell
2026-05-24 13:20:04 | INFO | P01 | cwd=.
2026-05-24 13:20:04 | INFO | P01 | github_actions=False
2026-05-24 13:20:04 | INFO | P01 | ========================
2026-05-24 13:20:04 | INFO | P01 | START main()
2026-05-24 13:20:04 | INFO | P01 | ========================
2026-05-24 13:20:04 | INFO | P01 | Generated formatted multi-line SUMMARY string.
2026-05-24 13:20:04 | INFO | P01 | Returning the str to the calling function.
2026-05-24 13:20:04 | INFO | P01 | 
    Course Information:
        Course name: Data Analytics Fundamentals
        Course number: 608
        Course hrs/wk: 20.00
        Assumes prior experience: False
        Uses Professional Python: True
        Helpful traits: ['patience', 'curiosity', 'humor', 'tenacity']
    
2026-05-24 13:20:04 | INFO | P01 | Generated formatted multi-line SUMMARY string.
2026-05-24 13:20:04 | INFO | P01 | Returning the str to the calling function.
2026-05-24 13:20:04 | INFO | P01 | 
    Descriptive Statistics for Snowfall (inches):
        Total snowfall: 22.50 inches
        Count of measurements: 5
        Minimum snowfall: 2.50 inches
        Maximum snowfall: 6.50 inches
        Average snowfall: 4.50 inches
        Standard deviation: 1.58 inches
    
2026-05-24 13:20:04 | INFO | P01 | ========================
2026-05-24 13:20:04 | INFO | P01 | Executed successfully!
2026-05-24 13:20:04 | INFO | P01 | ========================
2026-05-24 14:21:26,122 [INFO] datafun.shared_utils: === START Example Script ===
2026-05-24 14:21:26,123 [INFO] datafun.shared_utils: Generated formatted multi-line SUMMARY string.
2026-05-24 14:21:26,124 [INFO] datafun.shared_utils: 
    Course Information:
        Course name: Data Analytics Fundamentals
        Course number: 608
        Course hrs/wk: 20.00
        Assumes prior experience: False
        Uses Professional Python: True
        Helpful traits: ['patience', 'curiosity', 'humor', 'tenacity']
    
2026-05-24 14:21:26,125 [INFO] datafun.shared_utils: Generated formatted multi-line SUMMARY string.
2026-05-24 14:21:26,125 [INFO] datafun.shared_utils: 
    Descriptive Statistics for Snowfall (inches):
        Total snowfall: 22.50 inches
        Count of measurements: 5
        Minimum snowfall: 2.50 inches
        Maximum snowfall: 6.50 inches
        Average snowfall: 4.50 inches
        Standard deviation: 1.58 inches
    
2026-05-24 14:21:26,126 [INFO] datafun.shared_utils: === END Example Script ===
2026-05-24 14:24:50,949 [INFO] datafun.shared_utils: === START Example Script ===
2026-05-24 14:24:50,949 [INFO] datafun.shared_utils: Generated formatted multi-line SUMMARY string.
2026-05-24 14:24:50,949 [INFO] datafun.shared_utils: 
    Course Information:
        Course name: Data Analytics Fundamentals
        Course number: 608
        Course hrs/wk: 20.00
        Assumes prior experience: False
        Uses Professional Python: True
        Helpful traits: ['patience', 'curiosity', 'humor', 'tenacity']
    
2026-05-24 14:24:50,950 [INFO] datafun.shared_utils: Generated formatted multi-line SUMMARY string.
2026-05-24 14:24:50,950 [INFO] datafun.shared_utils: 
    Descriptive Statistics for Snowfall (inches):
        Total snowfall: 22.50 inches
        Count of measurements: 5
        Minimum snowfall: 2.50 inches
        Maximum snowfall: 6.50 inches
        Average snowfall: 4.50 inches
        Standard deviation: 1.58 inches
    
2026-05-24 14:24:50,950 [INFO] datafun.shared_utils: === END Example Script ===
2026-05-24 14:27:56,297 [INFO] datafun.shared_utils: === START Example Script ===
2026-05-24 14:27:56,297 [INFO] datafun.shared_utils: Generated formatted multi-line SUMMARY string.
2026-05-24 14:27:56,298 [INFO] datafun.shared_utils: 
    Course Information:
        Course name: Data Analytics Fundamentals
        Course number: 608
        Course hrs/wk: 20.00
        Assumes prior experience: False
        Uses Professional Python: True
        Helpful traits: ['patience', 'curiosity', 'humor', 'tenacity']
    
2026-05-24 14:27:56,298 [INFO] datafun.shared_utils: Generated formatted multi-line SUMMARY string.
2026-05-24 14:27:56,298 [INFO] datafun.shared_utils: 
    Descriptive Statistics for Snowfall (inches):
        Total snowfall: 22.50 inches
        Count of measurements: 5
        Minimum snowfall: 2.50 inches
        Maximum snowfall: 6.50 inches
        Average snowfall: 4.50 inches
        Standard deviation: 1.58 inches
    
2026-05-24 14:27:56,298 [INFO] datafun.shared_utils: === END Example Script ===
2026-05-24 14:28:13,122 [INFO] datafun.shared_utils: === START Example Script ===
2026-05-24 14:28:13,122 [INFO] datafun.shared_utils: Generated formatted multi-line SUMMARY string.
2026-05-24 14:28:13,122 [INFO] datafun.shared_utils: 
    Course Information:
        Course name: Data Analytics Fundamentals
        Course number: 608
        Course hrs/wk: 20.00
        Assumes prior experience: False
        Uses Professional Python: True
        Helpful traits: ['patience', 'curiosity', 'humor', 'tenacity']
    
2026-05-24 14:28:13,123 [INFO] datafun.shared_utils: Generated formatted multi-line SUMMARY string.
2026-05-24 14:28:13,123 [INFO] datafun.shared_utils: 
    Descriptive Statistics for Snowfall (inches):
        Total snowfall: 22.50 inches
        Count of measurements: 5
        Minimum snowfall: 2.50 inches
        Maximum snowfall: 6.50 inches
        Average snowfall: 4.50 inches
        Standard deviation: 1.58 inches
    
2026-05-24 14:28:13,123 [INFO] datafun.shared_utils: === END Example Script ===
2026-05-24 14:30:43,969 [INFO] datafun.shared_utils: === START Example Script ===
2026-05-24 14:30:43,970 [INFO] datafun.shared_utils: Generated formatted multi-line SUMMARY string.
2026-05-24 14:30:43,970 [INFO] datafun.shared_utils: 
    Course Information:
        Course name: Data Analytics Fundamentals
        Course number: 608
        Course hrs/wk: 20.00
        Assumes prior experience: False
        Uses Professional Python: True
        Helpful traits: ['patience', 'curiosity', 'humor', 'tenacity']
    
2026-05-24 14:30:43,970 [INFO] datafun.shared_utils: Generated formatted multi-line SUMMARY string.
2026-05-24 14:30:43,970 [INFO] datafun.shared_utils: 
    Descriptive Statistics for Snowfall (inches):
        Total snowfall: 22.50 inches
        Count of measurements: 5
        Minimum snowfall: 2.50 inches
        Maximum snowfall: 6.50 inches
        Average snowfall: 4.50 inches
        Standard deviation: 1.58 inches
    
2026-05-24 14:30:43,971 [INFO] datafun.shared_utils: === END Example Script ===
